CRITICAL - 2025-04-26 18:00:40 --> ErrorException: Undefined array key "id_satuan"
[Method: GET, Route: Produk]
in APPPATH\Views\v_produk.php on line 184.
 1 APPPATH\Views\v_produk.php(184): CodeIgniter\Debug\Exceptions->errorHandler(2, 'Undefined array key "id_satuan"', 'C:\\xampp\\htdocs\\kasirkuv2\\app\\Views\\v_produk.php', 184)
 2 SYSTEMPATH\View\View.php(224): include('C:\\xampp\\htdocs\\kasirkuv2\\app\\Views\\v_produk.php')
 3 SYSTEMPATH\View\View.php(227): CodeIgniter\View\View->CodeIgniter\View\{closure}()
 4 SYSTEMPATH\Common.php(1173): CodeIgniter\View\View->render('v_produk', [], true)
 5 APPPATH\Views\v_template.php(195): view('v_produk')
 6 SYSTEMPATH\View\View.php(224): include('C:\\xampp\\htdocs\\kasirkuv2\\app\\Views\\v_template.php')
 7 SYSTEMPATH\View\View.php(227): CodeIgniter\View\View->CodeIgniter\View\{closure}()
 8 SYSTEMPATH\Common.php(1173): CodeIgniter\View\View->render('v_template', [], true)
 9 APPPATH\Controllers\Produk.php(37): view('v_template', [...])
10 SYSTEMPATH\CodeIgniter.php(933): App\Controllers\Produk->index()
11 SYSTEMPATH\CodeIgniter.php(507): CodeIgniter\CodeIgniter->runController(Object(App\Controllers\Produk))
12 SYSTEMPATH\CodeIgniter.php(354): CodeIgniter\CodeIgniter->handleRequest(null, Object(Config\Cache), false)
13 SYSTEMPATH\Boot.php(334): CodeIgniter\CodeIgniter->run()
14 SYSTEMPATH\Boot.php(67): CodeIgniter\Boot::runCodeIgniter(Object(CodeIgniter\CodeIgniter))
15 FCPATH\index.php(56): CodeIgniter\Boot::bootWeb(Object(Config\Paths))
CRITICAL - 2025-04-26 18:00:42 --> ErrorException: Undefined array key "id_satuan"
[Method: GET, Route: Produk]
in APPPATH\Views\v_produk.php on line 184.
 1 APPPATH\Views\v_produk.php(184): CodeIgniter\Debug\Exceptions->errorHandler(2, 'Undefined array key "id_satuan"', 'C:\\xampp\\htdocs\\kasirkuv2\\app\\Views\\v_produk.php', 184)
 2 SYSTEMPATH\View\View.php(224): include('C:\\xampp\\htdocs\\kasirkuv2\\app\\Views\\v_produk.php')
 3 SYSTEMPATH\View\View.php(227): CodeIgniter\View\View->CodeIgniter\View\{closure}()
 4 SYSTEMPATH\Common.php(1173): CodeIgniter\View\View->render('v_produk', [], true)
 5 APPPATH\Views\v_template.php(195): view('v_produk')
 6 SYSTEMPATH\View\View.php(224): include('C:\\xampp\\htdocs\\kasirkuv2\\app\\Views\\v_template.php')
 7 SYSTEMPATH\View\View.php(227): CodeIgniter\View\View->CodeIgniter\View\{closure}()
 8 SYSTEMPATH\Common.php(1173): CodeIgniter\View\View->render('v_template', [], true)
 9 APPPATH\Controllers\Produk.php(37): view('v_template', [...])
10 SYSTEMPATH\CodeIgniter.php(933): App\Controllers\Produk->index()
11 SYSTEMPATH\CodeIgniter.php(507): CodeIgniter\CodeIgniter->runController(Object(App\Controllers\Produk))
12 SYSTEMPATH\CodeIgniter.php(354): CodeIgniter\CodeIgniter->handleRequest(null, Object(Config\Cache), false)
13 SYSTEMPATH\Boot.php(334): CodeIgniter\CodeIgniter->run()
14 SYSTEMPATH\Boot.php(67): CodeIgniter\Boot::runCodeIgniter(Object(CodeIgniter\CodeIgniter))
15 FCPATH\index.php(56): CodeIgniter\Boot::bootWeb(Object(Config\Paths))
CRITICAL - 2025-04-26 18:00:43 --> ErrorException: Undefined array key "id_satuan"
[Method: GET, Route: Produk]
in APPPATH\Views\v_produk.php on line 184.
 1 APPPATH\Views\v_produk.php(184): CodeIgniter\Debug\Exceptions->errorHandler(2, 'Undefined array key "id_satuan"', 'C:\\xampp\\htdocs\\kasirkuv2\\app\\Views\\v_produk.php', 184)
 2 SYSTEMPATH\View\View.php(224): include('C:\\xampp\\htdocs\\kasirkuv2\\app\\Views\\v_produk.php')
 3 SYSTEMPATH\View\View.php(227): CodeIgniter\View\View->CodeIgniter\View\{closure}()
 4 SYSTEMPATH\Common.php(1173): CodeIgniter\View\View->render('v_produk', [], true)
 5 APPPATH\Views\v_template.php(195): view('v_produk')
 6 SYSTEMPATH\View\View.php(224): include('C:\\xampp\\htdocs\\kasirkuv2\\app\\Views\\v_template.php')
 7 SYSTEMPATH\View\View.php(227): CodeIgniter\View\View->CodeIgniter\View\{closure}()
 8 SYSTEMPATH\Common.php(1173): CodeIgniter\View\View->render('v_template', [], true)
 9 APPPATH\Controllers\Produk.php(37): view('v_template', [...])
10 SYSTEMPATH\CodeIgniter.php(933): App\Controllers\Produk->index()
11 SYSTEMPATH\CodeIgniter.php(507): CodeIgniter\CodeIgniter->runController(Object(App\Controllers\Produk))
12 SYSTEMPATH\CodeIgniter.php(354): CodeIgniter\CodeIgniter->handleRequest(null, Object(Config\Cache), false)
13 SYSTEMPATH\Boot.php(334): CodeIgniter\CodeIgniter->run()
14 SYSTEMPATH\Boot.php(67): CodeIgniter\Boot::runCodeIgniter(Object(CodeIgniter\CodeIgniter))
15 FCPATH\index.php(56): CodeIgniter\Boot::bootWeb(Object(Config\Paths))
CRITICAL - 2025-04-26 18:00:43 --> ErrorException: Undefined array key "id_satuan"
[Method: GET, Route: Produk]
in APPPATH\Views\v_produk.php on line 184.
 1 APPPATH\Views\v_produk.php(184): CodeIgniter\Debug\Exceptions->errorHandler(2, 'Undefined array key "id_satuan"', 'C:\\xampp\\htdocs\\kasirkuv2\\app\\Views\\v_produk.php', 184)
 2 SYSTEMPATH\View\View.php(224): include('C:\\xampp\\htdocs\\kasirkuv2\\app\\Views\\v_produk.php')
 3 SYSTEMPATH\View\View.php(227): CodeIgniter\View\View->CodeIgniter\View\{closure}()
 4 SYSTEMPATH\Common.php(1173): CodeIgniter\View\View->render('v_produk', [], true)
 5 APPPATH\Views\v_template.php(195): view('v_produk')
 6 SYSTEMPATH\View\View.php(224): include('C:\\xampp\\htdocs\\kasirkuv2\\app\\Views\\v_template.php')
 7 SYSTEMPATH\View\View.php(227): CodeIgniter\View\View->CodeIgniter\View\{closure}()
 8 SYSTEMPATH\Common.php(1173): CodeIgniter\View\View->render('v_template', [], true)
 9 APPPATH\Controllers\Produk.php(37): view('v_template', [...])
10 SYSTEMPATH\CodeIgniter.php(933): App\Controllers\Produk->index()
11 SYSTEMPATH\CodeIgniter.php(507): CodeIgniter\CodeIgniter->runController(Object(App\Controllers\Produk))
12 SYSTEMPATH\CodeIgniter.php(354): CodeIgniter\CodeIgniter->handleRequest(null, Object(Config\Cache), false)
13 SYSTEMPATH\Boot.php(334): CodeIgniter\CodeIgniter->run()
14 SYSTEMPATH\Boot.php(67): CodeIgniter\Boot::runCodeIgniter(Object(CodeIgniter\CodeIgniter))
15 FCPATH\index.php(56): CodeIgniter\Boot::bootWeb(Object(Config\Paths))
CRITICAL - 2025-04-26 18:00:43 --> ErrorException: Undefined array key "id_satuan"
[Method: GET, Route: Produk]
in APPPATH\Views\v_produk.php on line 184.
 1 APPPATH\Views\v_produk.php(184): CodeIgniter\Debug\Exceptions->errorHandler(2, 'Undefined array key "id_satuan"', 'C:\\xampp\\htdocs\\kasirkuv2\\app\\Views\\v_produk.php', 184)
 2 SYSTEMPATH\View\View.php(224): include('C:\\xampp\\htdocs\\kasirkuv2\\app\\Views\\v_produk.php')
 3 SYSTEMPATH\View\View.php(227): CodeIgniter\View\View->CodeIgniter\View\{closure}()
 4 SYSTEMPATH\Common.php(1173): CodeIgniter\View\View->render('v_produk', [], true)
 5 APPPATH\Views\v_template.php(195): view('v_produk')
 6 SYSTEMPATH\View\View.php(224): include('C:\\xampp\\htdocs\\kasirkuv2\\app\\Views\\v_template.php')
 7 SYSTEMPATH\View\View.php(227): CodeIgniter\View\View->CodeIgniter\View\{closure}()
 8 SYSTEMPATH\Common.php(1173): CodeIgniter\View\View->render('v_template', [], true)
 9 APPPATH\Controllers\Produk.php(37): view('v_template', [...])
10 SYSTEMPATH\CodeIgniter.php(933): App\Controllers\Produk->index()
11 SYSTEMPATH\CodeIgniter.php(507): CodeIgniter\CodeIgniter->runController(Object(App\Controllers\Produk))
12 SYSTEMPATH\CodeIgniter.php(354): CodeIgniter\CodeIgniter->handleRequest(null, Object(Config\Cache), false)
13 SYSTEMPATH\Boot.php(334): CodeIgniter\CodeIgniter->run()
14 SYSTEMPATH\Boot.php(67): CodeIgniter\Boot::runCodeIgniter(Object(CodeIgniter\CodeIgniter))
15 FCPATH\index.php(56): CodeIgniter\Boot::bootWeb(Object(Config\Paths))
CRITICAL - 2025-04-26 18:00:43 --> ErrorException: Undefined array key "id_satuan"
[Method: GET, Route: Produk]
in APPPATH\Views\v_produk.php on line 184.
 1 APPPATH\Views\v_produk.php(184): CodeIgniter\Debug\Exceptions->errorHandler(2, 'Undefined array key "id_satuan"', 'C:\\xampp\\htdocs\\kasirkuv2\\app\\Views\\v_produk.php', 184)
 2 SYSTEMPATH\View\View.php(224): include('C:\\xampp\\htdocs\\kasirkuv2\\app\\Views\\v_produk.php')
 3 SYSTEMPATH\View\View.php(227): CodeIgniter\View\View->CodeIgniter\View\{closure}()
 4 SYSTEMPATH\Common.php(1173): CodeIgniter\View\View->render('v_produk', [], true)
 5 APPPATH\Views\v_template.php(195): view('v_produk')
 6 SYSTEMPATH\View\View.php(224): include('C:\\xampp\\htdocs\\kasirkuv2\\app\\Views\\v_template.php')
 7 SYSTEMPATH\View\View.php(227): CodeIgniter\View\View->CodeIgniter\View\{closure}()
 8 SYSTEMPATH\Common.php(1173): CodeIgniter\View\View->render('v_template', [], true)
 9 APPPATH\Controllers\Produk.php(37): view('v_template', [...])
10 SYSTEMPATH\CodeIgniter.php(933): App\Controllers\Produk->index()
11 SYSTEMPATH\CodeIgniter.php(507): CodeIgniter\CodeIgniter->runController(Object(App\Controllers\Produk))
12 SYSTEMPATH\CodeIgniter.php(354): CodeIgniter\CodeIgniter->handleRequest(null, Object(Config\Cache), false)
13 SYSTEMPATH\Boot.php(334): CodeIgniter\CodeIgniter->run()
14 SYSTEMPATH\Boot.php(67): CodeIgniter\Boot::runCodeIgniter(Object(CodeIgniter\CodeIgniter))
15 FCPATH\index.php(56): CodeIgniter\Boot::bootWeb(Object(Config\Paths))
